<?xml version="1.0" encoding="UTF-8"?>
<!-- Generated by org.testng.reporters.JUnitXMLReporter -->
<testsuite ignored="4" hostname="LAPTOP-4C1CTOAL" failures="1" tests="2" name="firefoxTest" time="18.603" errors="0" timestamp="2025-08-17T12:55:43 IST">
  <testcase classname="com.automation.test.LoginPageTest" name="testInvalidPassword" time="0.979">
    <failure type="java.lang.AssertionError" message="Error message not displayed for invalid password. expected [true] but found [false]">
      <![CDATA[java.lang.AssertionError: Error message not displayed for invalid password. expected [true] but found [false]
at com.automation.test.LoginPageTest.testInvalidPassword(LoginPageTest.java:54)
at java.base/java.util.ArrayList.forEach(ArrayList.java:1597)
at java.base/java.util.concurrent.FutureTask.run(FutureTask.java:317)
at java.base/java.util.concurrent.ThreadPoolExecutor.runWorker(ThreadPoolExecutor.java:1144)
at java.base/java.util.concurrent.ThreadPoolExecutor$Worker.run(ThreadPoolExecutor.java:642)
at java.base/java.lang.Thread.run(Thread.java:1575)
... Removed 19 stack frames]]>
    </failure>
  </testcase> <!-- testInvalidPassword -->
  <testcase classname="com.automation.test.LoginPageTest" name="testValidLogin" time="0.821"/>
  <testcase classname="com.automation.test.LoginPageTest" name="testLoginPageElementsVisible" time="0.0">
    <ignored/>
  </testcase> <!-- testLoginPageElementsVisible -->
  <testcase classname="com.automation.test.LoginPageTest" name="testEmptyFields" time="0.0">
    <ignored/>
  </testcase> <!-- testEmptyFields -->
  <testcase classname="com.automation.test.LoginPageTest" name="testOnlyUsernameEntered" time="0.0">
    <ignored/>
  </testcase> <!-- testOnlyUsernameEntered -->
  <testcase classname="com.automation.test.LoginPageTest" name="getTestDataProvider" time="0.0">
    <ignored/>
  </testcase> <!-- getTestDataProvider -->
</testsuite> <!-- firefoxTest -->
