<?xml version="1.0" encoding="UTF-8"?>
<!-- Generated by org.testng.reporters.JUnitReportReporter -->
<testsuite hostname="LAPTOP-4C1CTOAL" failures="2" tests="12" name="com.automation.test.LoginPageTest" time="30.442" errors="0" timestamp="2025-08-17T12:55:43 IST" skipped="8">
  <testcase classname="com.automation.test.LoginPageTest" name="testValidLogin" time="10.009"/>
  <system-out/>
  <testcase classname="com.automation.test.LoginPageTest" name="testInvalidPassword" time="6.081">
    <failure message="Error message not displayed for invalid password. expected [true] but found [false]" type="java.lang.AssertionError">
      <![CDATA[java.lang.AssertionError: Error message not displayed for invalid password. expected [true] but found [false]
at org.testng.Assert.fail(Assert.java:99)
at org.testng.Assert.failNotEquals(Assert.java:1037)
at org.testng.Assert.assertTrue(Assert.java:45)
at com.automation.test.LoginPageTest.testInvalidPassword(LoginPageTest.java:54)
at java.base/jdk.internal.reflect.DirectMethodHandleAccessor.invoke(DirectMethodHandleAccessor.java:103)
at java.base/java.lang.reflect.Method.invoke(Method.java:580)
at org.testng.internal.MethodInvocationHelper.invokeMethod(MethodInvocationHelper.java:133)
at org.testng.internal.TestInvoker.invokeMethod(TestInvoker.java:598)
at org.testng.internal.TestInvoker.invokeTestMethod(TestInvoker.java:173)
at org.testng.internal.MethodRunner.runInSequence(MethodRunner.java:46)
at org.testng.internal.TestInvoker$MethodInvocationAgent.invoke(TestInvoker.java:824)
at org.testng.internal.TestInvoker.invokeTestMethods(TestInvoker.java:146)
at org.testng.internal.TestMethodWorker.invokeTestMethods(TestMethodWorker.java:146)
at org.testng.internal.TestMethodWorker.run(TestMethodWorker.java:128)
at java.base/java.util.ArrayList.forEach(ArrayList.java:1597)
at org.testng.TestRunner.privateRun(TestRunner.java:794)
at org.testng.TestRunner.run(TestRunner.java:596)
at org.testng.SuiteRunner.runTest(SuiteRunner.java:377)
at org.testng.SuiteRunner.access$000(SuiteRunner.java:28)
at org.testng.SuiteRunner$SuiteWorker.run(SuiteRunner.java:418)
at org.testng.internal.thread.ThreadUtil.lambda$execute$0(ThreadUtil.java:64)
at java.base/java.util.concurrent.FutureTask.run(FutureTask.java:317)
at java.base/java.util.concurrent.ThreadPoolExecutor.runWorker(ThreadPoolExecutor.java:1144)
at java.base/java.util.concurrent.ThreadPoolExecutor$Worker.run(ThreadPoolExecutor.java:642)
at java.base/java.lang.Thread.run(Thread.java:1575)
]]>
    </failure>
  </testcase> <!-- testInvalidPassword -->
  <system-out/>
  <testcase classname="com.automation.test.LoginPageTest" name="testValidLogin" time="5.959"/>
  <system-out/>
  <testcase classname="com.automation.test.LoginPageTest" name="testInvalidPassword" time="8.393">
    <failure message="Error message not displayed for invalid password. expected [true] but found [false]" type="java.lang.AssertionError">
      <![CDATA[java.lang.AssertionError: Error message not displayed for invalid password. expected [true] but found [false]
at org.testng.Assert.fail(Assert.java:99)
at org.testng.Assert.failNotEquals(Assert.java:1037)
at org.testng.Assert.assertTrue(Assert.java:45)
at com.automation.test.LoginPageTest.testInvalidPassword(LoginPageTest.java:54)
at java.base/jdk.internal.reflect.DirectMethodHandleAccessor.invoke(DirectMethodHandleAccessor.java:103)
at java.base/java.lang.reflect.Method.invoke(Method.java:580)
at org.testng.internal.MethodInvocationHelper.invokeMethod(MethodInvocationHelper.java:133)
at org.testng.internal.TestInvoker.invokeMethod(TestInvoker.java:598)
at org.testng.internal.TestInvoker.invokeTestMethod(TestInvoker.java:173)
at org.testng.internal.MethodRunner.runInSequence(MethodRunner.java:46)
at org.testng.internal.TestInvoker$MethodInvocationAgent.invoke(TestInvoker.java:824)
at org.testng.internal.TestInvoker.invokeTestMethods(TestInvoker.java:146)
at org.testng.internal.TestMethodWorker.invokeTestMethods(TestMethodWorker.java:146)
at org.testng.internal.TestMethodWorker.run(TestMethodWorker.java:128)
at java.base/java.util.ArrayList.forEach(ArrayList.java:1597)
at org.testng.TestRunner.privateRun(TestRunner.java:794)
at org.testng.TestRunner.run(TestRunner.java:596)
at org.testng.SuiteRunner.runTest(SuiteRunner.java:377)
at org.testng.SuiteRunner.access$000(SuiteRunner.java:28)
at org.testng.SuiteRunner$SuiteWorker.run(SuiteRunner.java:418)
at org.testng.internal.thread.ThreadUtil.lambda$execute$0(ThreadUtil.java:64)
at java.base/java.util.concurrent.FutureTask.run(FutureTask.java:317)
at java.base/java.util.concurrent.ThreadPoolExecutor.runWorker(ThreadPoolExecutor.java:1144)
at java.base/java.util.concurrent.ThreadPoolExecutor$Worker.run(ThreadPoolExecutor.java:642)
at java.base/java.lang.Thread.run(Thread.java:1575)
]]>
    </failure>
  </testcase> <!-- testInvalidPassword -->
  <system-out/>
  <testcase classname="com.automation.test.LoginPageTest" name="testLoginPageElementsVisible">
    <skipped/>
  </testcase> <!-- testLoginPageElementsVisible -->
  <system-out/>
  <testcase classname="com.automation.test.LoginPageTest" name="testLoginPageElementsVisible">
    <skipped/>
  </testcase> <!-- testLoginPageElementsVisible -->
  <system-out/>
  <testcase classname="com.automation.test.LoginPageTest" name="testEmptyFields">
    <skipped/>
  </testcase> <!-- testEmptyFields -->
  <system-out/>
  <testcase classname="com.automation.test.LoginPageTest" name="testOnlyUsernameEntered">
    <skipped/>
  </testcase> <!-- testOnlyUsernameEntered -->
  <system-out/>
  <testcase classname="com.automation.test.LoginPageTest" name="testEmptyFields">
    <skipped/>
  </testcase> <!-- testEmptyFields -->
  <system-out/>
  <testcase classname="com.automation.test.LoginPageTest" name="testOnlyUsernameEntered">
    <skipped/>
  </testcase> <!-- testOnlyUsernameEntered -->
  <system-out/>
  <testcase classname="com.automation.test.LoginPageTest" name="getTestDataProvider">
    <skipped/>
  </testcase> <!-- getTestDataProvider -->
  <system-out/>
  <testcase classname="com.automation.test.LoginPageTest" name="getTestDataProvider">
    <skipped/>
  </testcase> <!-- getTestDataProvider -->
  <system-out/>
</testsuite> <!-- com.automation.test.LoginPageTest -->
